ARM GAS  C:\Users\JJ\AppData\Local\Temp\ccOxblb1.s 			page 1


   1              		.syntax unified
   2              		.cpu cortex-m3
   3              		.fpu softvfp
   4              		.eabi_attribute 20, 1
   5              		.eabi_attribute 21, 1
   6              		.eabi_attribute 23, 3
   7              		.eabi_attribute 24, 1
   8              		.eabi_attribute 25, 1
   9              		.eabi_attribute 26, 1
  10              		.eabi_attribute 30, 1
  11              		.eabi_attribute 34, 1
  12              		.eabi_attribute 18, 4
  13              		.thumb
  14              		.syntax unified
  15              		.file	"cymetadata.c"
  16              		.text
  17              	.Ltext0:
  18              		.cfi_sections	.debug_frame
  19              		.global	cy_metadata
  20              		.global	cy_meta_flashprotect
  21              		.global	cy_meta_wonvl
  22              		.global	cy_meta_custnvl
  23              		.global	cy_meta_configecc
  24              		.section	.cyconfigecc,"a",%progbits
  25              		.align	2
  26              		.type	cy_meta_configecc, %object
  27              		.size	cy_meta_configecc, 760
  28              	cy_meta_configecc:
  29 0000 02       		.byte	2
  30 0001 52       		.byte	82
  31 0002 00       		.byte	0
  32 0003 40       		.byte	64
  33 0004 03       		.byte	3
  34 0005 65       		.byte	101
  35 0006 00       		.byte	0
  36 0007 40       		.byte	64
  37 0008 14       		.byte	20
  38 0009 18       		.byte	24
  39 000a 01       		.byte	1
  40 000b 40       		.byte	64
  41 000c 40       		.byte	64
  42 000d 19       		.byte	25
  43 000e 01       		.byte	1
  44 000f 40       		.byte	64
  45 0010 69       		.byte	105
  46 0011 1A       		.byte	26
  47 0012 01       		.byte	1
  48 0013 40       		.byte	64
  49 0014 4D       		.byte	77
  50 0015 1B       		.byte	27
  51 0016 01       		.byte	1
  52 0017 40       		.byte	64
  53 0018 01       		.byte	1
  54 0019 4C       		.byte	76
  55 001a 01       		.byte	1
  56 001b 40       		.byte	64
  57 001c 07       		.byte	7
ARM GAS  C:\Users\JJ\AppData\Local\Temp\ccOxblb1.s 			page 2


  58 001d 4D       		.byte	77
  59 001e 01       		.byte	1
  60 001f 40       		.byte	64
  61 0020 02       		.byte	2
  62 0021 50       		.byte	80
  63 0022 01       		.byte	1
  64 0023 40       		.byte	64
  65 0024 61       		.byte	97
  66 0025 80       		.byte	-128
  67 0026 64       		.byte	100
  68 0027 40       		.byte	64
  69 0028 88       		.byte	-120
  70 0029 72       		.byte	114
  71 002a 89       		.byte	-119
  72 002b 38       		.byte	56
  73 002c 8B       		.byte	-117
  74 002d 0F       		.byte	15
  75 002e 86       		.byte	-122
  76 002f 04       		.byte	4
  77 0030 8C       		.byte	-116
  78 0031 08       		.byte	8
  79 0032 92       		.byte	-110
  80 0033 02       		.byte	2
  81 0034 9A       		.byte	-102
  82 0035 02       		.byte	2
  83 0036 A1       		.byte	-95
  84 0037 01       		.byte	1
  85 0038 A4       		.byte	-92
  86 0039 01       		.byte	1
  87 003a A8       		.byte	-88
  88 003b 01       		.byte	1
  89 003c AC       		.byte	-84
  90 003d 01       		.byte	1
  91 003e B0       		.byte	-80
  92 003f 02       		.byte	2
  93 0040 B2       		.byte	-78
  94 0041 04       		.byte	4
  95 0042 B4       		.byte	-76
  96 0043 01       		.byte	1
  97 0044 B5       		.byte	-75
  98 0045 01       		.byte	1
  99 0046 B6       		.byte	-74
 100 0047 08       		.byte	8
 101 0048 BE       		.byte	-66
 102 0049 41       		.byte	65
 103 004a BF       		.byte	-65
 104 004b 10       		.byte	16
 105 004c D4       		.byte	-44
 106 004d 18       		.byte	24
 107 004e D8       		.byte	-40
 108 004f 04       		.byte	4
 109 0050 D9       		.byte	-39
 110 0051 04       		.byte	4
 111 0052 DB       		.byte	-37
 112 0053 04       		.byte	4
 113 0054 DF       		.byte	-33
 114 0055 01       		.byte	1
ARM GAS  C:\Users\JJ\AppData\Local\Temp\ccOxblb1.s 			page 3


 115 0056 00       		.byte	0
 116 0057 40       		.byte	64
 117 0058 01       		.byte	1
 118 0059 08       		.byte	8
 119 005a 04       		.byte	4
 120 005b 28       		.byte	40
 121 005c 05       		.byte	5
 122 005d 01       		.byte	1
 123 005e 06       		.byte	6
 124 005f 0A       		.byte	10
 125 0060 09       		.byte	9
 126 0061 01       		.byte	1
 127 0062 0B       		.byte	11
 128 0063 04       		.byte	4
 129 0064 0C       		.byte	12
 130 0065 54       		.byte	84
 131 0066 0D       		.byte	13
 132 0067 08       		.byte	8
 133 0068 0E       		.byte	14
 134 0069 02       		.byte	2
 135 006a 10       		.byte	16
 136 006b 02       		.byte	2
 137 006c 11       		.byte	17
 138 006d 24       		.byte	36
 139 006e 14       		.byte	20
 140 006f 01       		.byte	1
 141 0070 16       		.byte	22
 142 0071 81       		.byte	-127
 143 0072 17       		.byte	23
 144 0073 24       		.byte	36
 145 0074 19       		.byte	25
 146 0075 20       		.byte	32
 147 0076 1A       		.byte	26
 148 0077 01       		.byte	1
 149 0078 1B       		.byte	27
 150 0079 25       		.byte	37
 151 007a 1D       		.byte	29
 152 007b 09       		.byte	9
 153 007c 1E       		.byte	30
 154 007d 0A       		.byte	10
 155 007e 23       		.byte	35
 156 007f 08       		.byte	8
 157 0080 24       		.byte	36
 158 0081 20       		.byte	32
 159 0082 25       		.byte	37
 160 0083 01       		.byte	1
 161 0084 26       		.byte	38
 162 0085 0A       		.byte	10
 163 0086 27       		.byte	39
 164 0087 01       		.byte	1
 165 0088 2B       		.byte	43
 166 0089 40       		.byte	64
 167 008a 2C       		.byte	44
 168 008b 15       		.byte	21
 169 008c 2E       		.byte	46
 170 008d 02       		.byte	2
 171 008e 2F       		.byte	47
ARM GAS  C:\Users\JJ\AppData\Local\Temp\ccOxblb1.s 			page 4


 172 008f 20       		.byte	32
 173 0090 34       		.byte	52
 174 0091 40       		.byte	64
 175 0092 35       		.byte	53
 176 0093 01       		.byte	1
 177 0094 36       		.byte	54
 178 0095 20       		.byte	32
 179 0096 37       		.byte	55
 180 0097 04       		.byte	4
 181 0098 3D       		.byte	61
 182 0099 81       		.byte	-127
 183 009a 3E       		.byte	62
 184 009b A0       		.byte	-96
 185 009c 3F       		.byte	63
 186 009d 08       		.byte	8
 187 009e 44       		.byte	68
 188 009f 44       		.byte	68
 189 00a0 47       		.byte	71
 190 00a1 40       		.byte	64
 191 00a2 4D       		.byte	77
 192 00a3 20       		.byte	32
 193 00a4 4E       		.byte	78
 194 00a5 02       		.byte	2
 195 00a6 4F       		.byte	79
 196 00a7 04       		.byte	4
 197 00a8 54       		.byte	84
 198 00a9 01       		.byte	1
 199 00aa 5B       		.byte	91
 200 00ab 01       		.byte	1
 201 00ac 5E       		.byte	94
 202 00ad 08       		.byte	8
 203 00ae 61       		.byte	97
 204 00af 10       		.byte	16
 205 00b0 63       		.byte	99
 206 00b1 02       		.byte	2
 207 00b2 6C       		.byte	108
 208 00b3 02       		.byte	2
 209 00b4 6D       		.byte	109
 210 00b5 24       		.byte	36
 211 00b6 76       		.byte	118
 212 00b7 21       		.byte	33
 213 00b8 77       		.byte	119
 214 00b9 24       		.byte	36
 215 00ba 86       		.byte	-122
 216 00bb 01       		.byte	1
 217 00bc 89       		.byte	-119
 218 00bd 01       		.byte	1
 219 00be 8A       		.byte	-118
 220 00bf 08       		.byte	8
 221 00c0 C0       		.byte	-64
 222 00c1 F5       		.byte	-11
 223 00c2 C2       		.byte	-62
 224 00c3 EA       		.byte	-22
 225 00c4 C4       		.byte	-60
 226 00c5 F7       		.byte	-9
 227 00c6 CA       		.byte	-54
 228 00c7 F1       		.byte	-15
ARM GAS  C:\Users\JJ\AppData\Local\Temp\ccOxblb1.s 			page 5


 229 00c8 CC       		.byte	-52
 230 00c9 F0       		.byte	-16
 231 00ca CE       		.byte	-50
 232 00cb F0       		.byte	-16
 233 00cc D0       		.byte	-48
 234 00cd B0       		.byte	-80
 235 00ce D2       		.byte	-46
 236 00cf 30       		.byte	48
 237 00d0 D6       		.byte	-42
 238 00d1 41       		.byte	65
 239 00d2 D8       		.byte	-40
 240 00d3 0C       		.byte	12
 241 00d4 E0       		.byte	-32
 242 00d5 08       		.byte	8
 243 00d6 02       		.byte	2
 244 00d7 20       		.byte	32
 245 00d8 03       		.byte	3
 246 00d9 08       		.byte	8
 247 00da 04       		.byte	4
 248 00db 10       		.byte	16
 249 00dc 06       		.byte	6
 250 00dd 0C       		.byte	12
 251 00de 07       		.byte	7
 252 00df 0C       		.byte	12
 253 00e0 09       		.byte	9
 254 00e1 2C       		.byte	44
 255 00e2 0B       		.byte	11
 256 00e3 43       		.byte	67
 257 00e4 0D       		.byte	13
 258 00e5 80       		.byte	-128
 259 00e6 0E       		.byte	14
 260 00e7 03       		.byte	3
 261 00e8 0F       		.byte	15
 262 00e9 13       		.byte	19
 263 00ea 10       		.byte	16
 264 00eb 1C       		.byte	28
 265 00ec 12       		.byte	18
 266 00ed 02       		.byte	2
 267 00ee 14       		.byte	20
 268 00ef 0C       		.byte	12
 269 00f0 15       		.byte	21
 270 00f1 71       		.byte	113
 271 00f2 16       		.byte	22
 272 00f3 11       		.byte	17
 273 00f4 17       		.byte	23
 274 00f5 0E       		.byte	14
 275 00f6 18       		.byte	24
 276 00f7 09       		.byte	9
 277 00f8 1A       		.byte	26
 278 00f9 10       		.byte	16
 279 00fa 20       		.byte	32
 280 00fb 10       		.byte	16
 281 00fc 24       		.byte	36
 282 00fd 14       		.byte	20
 283 00fe 25       		.byte	37
 284 00ff 71       		.byte	113
 285 0100 27       		.byte	39
ARM GAS  C:\Users\JJ\AppData\Local\Temp\ccOxblb1.s 			page 6


 286 0101 06       		.byte	6
 287 0102 2A       		.byte	42
 288 0103 20       		.byte	32
 289 0104 30       		.byte	48
 290 0105 1F       		.byte	31
 291 0106 31       		.byte	49
 292 0107 30       		.byte	48
 293 0108 33       		.byte	51
 294 0109 0F       		.byte	15
 295 010a 34       		.byte	52
 296 010b 20       		.byte	32
 297 010c 35       		.byte	53
 298 010d C0       		.byte	-64
 299 010e 39       		.byte	57
 300 010f 22       		.byte	34
 301 0110 3B       		.byte	59
 302 0111 08       		.byte	8
 303 0112 3E       		.byte	62
 304 0113 10       		.byte	16
 305 0114 3F       		.byte	63
 306 0115 01       		.byte	1
 307 0116 40       		.byte	64
 308 0117 04       		.byte	4
 309 0118 45       		.byte	69
 310 0119 40       		.byte	64
 311 011a 49       		.byte	73
 312 011b FF       		.byte	-1
 313 011c 4A       		.byte	74
 314 011d 07       		.byte	7
 315 011e 4B       		.byte	75
 316 011f FF       		.byte	-1
 317 0120 4C       		.byte	76
 318 0121 40       		.byte	64
 319 0122 4D       		.byte	77
 320 0123 20       		.byte	32
 321 0124 4E       		.byte	78
 322 0125 F0       		.byte	-16
 323 0126 4F       		.byte	79
 324 0127 05       		.byte	5
 325 0128 50       		.byte	80
 326 0129 08       		.byte	8
 327 012a 58       		.byte	88
 328 012b 04       		.byte	4
 329 012c 59       		.byte	89
 330 012d 04       		.byte	4
 331 012e 5A       		.byte	90
 332 012f 04       		.byte	4
 333 0130 5F       		.byte	95
 334 0131 01       		.byte	1
 335 0132 60       		.byte	96
 336 0133 40       		.byte	64
 337 0134 61       		.byte	97
 338 0135 A8       		.byte	-88
 339 0136 62       		.byte	98
 340 0137 40       		.byte	64
 341 0138 63       		.byte	99
 342 0139 20       		.byte	32
ARM GAS  C:\Users\JJ\AppData\Local\Temp\ccOxblb1.s 			page 7


 343 013a 81       		.byte	-127
 344 013b 48       		.byte	72
 345 013c 83       		.byte	-125
 346 013d 34       		.byte	52
 347 013e 84       		.byte	-124
 348 013f 4A       		.byte	74
 349 0140 85       		.byte	-123
 350 0141 F8       		.byte	-8
 351 0142 86       		.byte	-122
 352 0143 34       		.byte	52
 353 0144 88       		.byte	-120
 354 0145 13       		.byte	19
 355 0146 89       		.byte	-119
 356 0147 F8       		.byte	-8
 357 0148 8A       		.byte	-118
 358 0149 2C       		.byte	44
 359 014a 8D       		.byte	-115
 360 014b 20       		.byte	32
 361 014c 8E       		.byte	-114
 362 014d 35       		.byte	53
 363 014e 8F       		.byte	-113
 364 014f C2       		.byte	-62
 365 0150 93       		.byte	-109
 366 0151 01       		.byte	1
 367 0152 94       		.byte	-108
 368 0153 13       		.byte	19
 369 0154 96       		.byte	-106
 370 0155 64       		.byte	100
 371 0156 98       		.byte	-104
 372 0157 03       		.byte	3
 373 0158 99       		.byte	-103
 374 0159 90       		.byte	-112
 375 015a 9A       		.byte	-102
 376 015b 14       		.byte	20
 377 015c 9B       		.byte	-101
 378 015d 2C       		.byte	44
 379 015e 9E       		.byte	-98
 380 015f 40       		.byte	64
 381 0160 A1       		.byte	-95
 382 0161 01       		.byte	1
 383 0162 A7       		.byte	-89
 384 0163 01       		.byte	1
 385 0164 A9       		.byte	-87
 386 0165 01       		.byte	1
 387 0166 AA       		.byte	-86
 388 0167 48       		.byte	72
 389 0168 B0       		.byte	-80
 390 0169 10       		.byte	16
 391 016a B1       		.byte	-79
 392 016b 06       		.byte	6
 393 016c B2       		.byte	-78
 394 016d 68       		.byte	104
 395 016e B3       		.byte	-77
 396 016f 01       		.byte	1
 397 0170 B4       		.byte	-76
 398 0171 0F       		.byte	15
 399 0172 B5       		.byte	-75
ARM GAS  C:\Users\JJ\AppData\Local\Temp\ccOxblb1.s 			page 8


 400 0173 18       		.byte	24
 401 0174 B7       		.byte	-73
 402 0175 E0       		.byte	-32
 403 0176 B9       		.byte	-71
 404 0177 08       		.byte	8
 405 0178 BA       		.byte	-70
 406 0179 28       		.byte	40
 407 017a BE       		.byte	-66
 408 017b 01       		.byte	1
 409 017c BF       		.byte	-65
 410 017d 01       		.byte	1
 411 017e C0       		.byte	-64
 412 017f 24       		.byte	36
 413 0180 C1       		.byte	-63
 414 0181 03       		.byte	3
 415 0182 C5       		.byte	-59
 416 0183 0C       		.byte	12
 417 0184 C6       		.byte	-58
 418 0185 CE       		.byte	-50
 419 0186 C7       		.byte	-57
 420 0187 0B       		.byte	11
 421 0188 C8       		.byte	-56
 422 0189 1D       		.byte	29
 423 018a C9       		.byte	-55
 424 018b FF       		.byte	-1
 425 018c CA       		.byte	-54
 426 018d FF       		.byte	-1
 427 018e CB       		.byte	-53
 428 018f FF       		.byte	-1
 429 0190 CE       		.byte	-50
 430 0191 F0       		.byte	-16
 431 0192 CF       		.byte	-49
 432 0193 44       		.byte	68
 433 0194 D0       		.byte	-48
 434 0195 0C       		.byte	12
 435 0196 D4       		.byte	-44
 436 0197 01       		.byte	1
 437 0198 D8       		.byte	-40
 438 0199 04       		.byte	4
 439 019a D9       		.byte	-39
 440 019b 04       		.byte	4
 441 019c DA       		.byte	-38
 442 019d 04       		.byte	4
 443 019e DB       		.byte	-37
 444 019f 04       		.byte	4
 445 01a0 DF       		.byte	-33
 446 01a1 01       		.byte	1
 447 01a2 E6       		.byte	-26
 448 01a3 C0       		.byte	-64
 449 01a4 EA       		.byte	-22
 450 01a5 40       		.byte	64
 451 01a6 EB       		.byte	-21
 452 01a7 02       		.byte	2
 453 01a8 00       		.byte	0
 454 01a9 42       		.byte	66
 455 01aa 03       		.byte	3
 456 01ab 20       		.byte	32
ARM GAS  C:\Users\JJ\AppData\Local\Temp\ccOxblb1.s 			page 9


 457 01ac 04       		.byte	4
 458 01ad 80       		.byte	-128
 459 01ae 06       		.byte	6
 460 01af 04       		.byte	4
 461 01b0 07       		.byte	7
 462 01b1 20       		.byte	32
 463 01b2 08       		.byte	8
 464 01b3 02       		.byte	2
 465 01b4 09       		.byte	9
 466 01b5 08       		.byte	8
 467 01b6 0B       		.byte	11
 468 01b7 04       		.byte	4
 469 01b8 0D       		.byte	13
 470 01b9 08       		.byte	8
 471 01ba 0F       		.byte	15
 472 01bb 09       		.byte	9
 473 01bc 11       		.byte	17
 474 01bd 08       		.byte	8
 475 01be 12       		.byte	18
 476 01bf 08       		.byte	8
 477 01c0 13       		.byte	19
 478 01c1 01       		.byte	1
 479 01c2 15       		.byte	21
 480 01c3 20       		.byte	32
 481 01c4 18       		.byte	24
 482 01c5 40       		.byte	64
 483 01c6 19       		.byte	25
 484 01c7 10       		.byte	16
 485 01c8 1D       		.byte	29
 486 01c9 0C       		.byte	12
 487 01ca 1E       		.byte	30
 488 01cb 40       		.byte	64
 489 01cc 1F       		.byte	31
 490 01cd 20       		.byte	32
 491 01ce 20       		.byte	32
 492 01cf 10       		.byte	16
 493 01d0 21       		.byte	33
 494 01d1 11       		.byte	17
 495 01d2 23       		.byte	35
 496 01d3 24       		.byte	36
 497 01d4 24       		.byte	36
 498 01d5 08       		.byte	8
 499 01d6 25       		.byte	37
 500 01d7 40       		.byte	64
 501 01d8 26       		.byte	38
 502 01d9 28       		.byte	40
 503 01da 27       		.byte	39
 504 01db 40       		.byte	64
 505 01dc 2A       		.byte	42
 506 01dd 04       		.byte	4
 507 01de 2B       		.byte	43
 508 01df 20       		.byte	32
 509 01e0 2C       		.byte	44
 510 01e1 44       		.byte	68
 511 01e2 2E       		.byte	46
 512 01e3 08       		.byte	8
 513 01e4 31       		.byte	49
ARM GAS  C:\Users\JJ\AppData\Local\Temp\ccOxblb1.s 			page 10


 514 01e5 04       		.byte	4
 515 01e6 35       		.byte	53
 516 01e7 01       		.byte	1
 517 01e8 36       		.byte	54
 518 01e9 20       		.byte	32
 519 01ea 38       		.byte	56
 520 01eb 90       		.byte	-112
 521 01ec 3B       		.byte	59
 522 01ed 05       		.byte	5
 523 01ee 3D       		.byte	61
 524 01ef A4       		.byte	-92
 525 01f0 3E       		.byte	62
 526 01f1 02       		.byte	2
 527 01f2 41       		.byte	65
 528 01f3 01       		.byte	1
 529 01f4 45       		.byte	69
 530 01f5 08       		.byte	8
 531 01f6 46       		.byte	70
 532 01f7 44       		.byte	68
 533 01f8 4B       		.byte	75
 534 01f9 01       		.byte	1
 535 01fa 4F       		.byte	79
 536 01fb 08       		.byte	8
 537 01fc 50       		.byte	80
 538 01fd 40       		.byte	64
 539 01fe 52       		.byte	82
 540 01ff 40       		.byte	64
 541 0200 55       		.byte	85
 542 0201 04       		.byte	4
 543 0202 57       		.byte	87
 544 0203 50       		.byte	80
 545 0204 5D       		.byte	93
 546 0205 01       		.byte	1
 547 0206 5E       		.byte	94
 548 0207 40       		.byte	64
 549 0208 5F       		.byte	95
 550 0209 18       		.byte	24
 551 020a 63       		.byte	99
 552 020b 30       		.byte	48
 553 020c 79       		.byte	121
 554 020d 01       		.byte	1
 555 020e 7B       		.byte	123
 556 020f 40       		.byte	64
 557 0210 80       		.byte	-128
 558 0211 12       		.byte	18
 559 0212 89       		.byte	-119
 560 0213 08       		.byte	8
 561 0214 8A       		.byte	-118
 562 0215 02       		.byte	2
 563 0216 91       		.byte	-111
 564 0217 04       		.byte	4
 565 0218 94       		.byte	-108
 566 0219 48       		.byte	72
 567 021a 98       		.byte	-104
 568 021b 44       		.byte	68
 569 021c 99       		.byte	-103
 570 021d 01       		.byte	1
ARM GAS  C:\Users\JJ\AppData\Local\Temp\ccOxblb1.s 			page 11


 571 021e 9A       		.byte	-102
 572 021f 08       		.byte	8
 573 0220 9B       		.byte	-101
 574 0221 08       		.byte	8
 575 0222 9D       		.byte	-99
 576 0223 18       		.byte	24
 577 0224 9E       		.byte	-98
 578 0225 02       		.byte	2
 579 0226 9F       		.byte	-97
 580 0227 40       		.byte	64
 581 0228 A0       		.byte	-96
 582 0229 01       		.byte	1
 583 022a A1       		.byte	-95
 584 022b 10       		.byte	16
 585 022c A5       		.byte	-91
 586 022d 40       		.byte	64
 587 022e A6       		.byte	-90
 588 022f 20       		.byte	32
 589 0230 A7       		.byte	-89
 590 0231 40       		.byte	64
 591 0232 C0       		.byte	-64
 592 0233 ED       		.byte	-19
 593 0234 C2       		.byte	-62
 594 0235 EE       		.byte	-18
 595 0236 C4       		.byte	-60
 596 0237 4E       		.byte	78
 597 0238 CA       		.byte	-54
 598 0239 E2       		.byte	-30
 599 023a CC       		.byte	-52
 600 023b A2       		.byte	-94
 601 023c CE       		.byte	-50
 602 023d FF       		.byte	-1
 603 023e D0       		.byte	-48
 604 023f E1       		.byte	-31
 605 0240 D6       		.byte	-42
 606 0241 F0       		.byte	-16
 607 0242 87       		.byte	-121
 608 0243 10       		.byte	16
 609 0244 10       		.byte	16
 610 0245 40       		.byte	64
 611 0246 73       		.byte	115
 612 0247 10       		.byte	16
 613 0248 88       		.byte	-120
 614 0249 40       		.byte	64
 615 024a 93       		.byte	-109
 616 024b 10       		.byte	16
 617 024c C4       		.byte	-60
 618 024d 08       		.byte	8
 619 024e DC       		.byte	-36
 620 024f 01       		.byte	1
 621 0250 E2       		.byte	-30
 622 0251 01       		.byte	1
 623 0252 10       		.byte	16
 624 0253 01       		.byte	1
 625 0254 1C       		.byte	28
 626 0255 01       		.byte	1
 627 0256 00       		.byte	0
ARM GAS  C:\Users\JJ\AppData\Local\Temp\ccOxblb1.s 			page 12


 628 0257 00       		.byte	0
 629 0258 1F       		.byte	31
 630 0259 3C       		.byte	60
 631 025a 20       		.byte	32
 632 025b C2       		.byte	-62
 633 025c 02       		.byte	2
 634 025d 00       		.byte	0
 635 025e 00       		.byte	0
 636 025f 04       		.byte	4
 637 0260 1C       		.byte	28
 638 0261 18       		.byte	24
 639 0262 23       		.byte	35
 640 0263 00       		.byte	0
 641 0264 01       		.byte	1
 642 0265 C0       		.byte	-64
 643 0266 00       		.byte	0
 644 0267 00       		.byte	0
 645 0268 00       		.byte	0
 646 0269 1C       		.byte	28
 647 026a 00       		.byte	0
 648 026b E1       		.byte	-31
 649 026c 3F       		.byte	63
 650 026d 08       		.byte	8
 651 026e 00       		.byte	0
 652 026f 00       		.byte	0
 653 0270 00       		.byte	0
 654 0271 80       		.byte	-128
 655 0272 23       		.byte	35
 656 0273 00       		.byte	0
 657 0274 33       		.byte	51
 658 0275 E7       		.byte	-25
 659 0276 0C       		.byte	12
 660 0277 18       		.byte	24
 661 0278 03       		.byte	3
 662 0279 44       		.byte	68
 663 027a 00       		.byte	0
 664 027b 00       		.byte	0
 665 027c 04       		.byte	4
 666 027d 00       		.byte	0
 667 027e 00       		.byte	0
 668 027f E3       		.byte	-29
 669 0280 0C       		.byte	12
 670 0281 FF       		.byte	-1
 671 0282 00       		.byte	0
 672 0283 00       		.byte	0
 673 0284 08       		.byte	8
 674 0285 10       		.byte	16
 675 0286 00       		.byte	0
 676 0287 00       		.byte	0
 677 0288 2C       		.byte	44
 678 0289 38       		.byte	56
 679 028a 00       		.byte	0
 680 028b 1F       		.byte	31
 681 028c 10       		.byte	16
 682 028d 00       		.byte	0
 683 028e 0F       		.byte	15
 684 028f C0       		.byte	-64
ARM GAS  C:\Users\JJ\AppData\Local\Temp\ccOxblb1.s 			page 13


 685 0290 00       		.byte	0
 686 0291 00       		.byte	0
 687 0292 8A       		.byte	-118
 688 0293 08       		.byte	8
 689 0294 00       		.byte	0
 690 0295 00       		.byte	0
 691 0296 10       		.byte	16
 692 0297 00       		.byte	0
 693 0298 46       		.byte	70
 694 0299 02       		.byte	2
 695 029a 05       		.byte	5
 696 029b 00       		.byte	0
 697 029c 01       		.byte	1
 698 029d 0C       		.byte	12
 699 029e 00       		.byte	0
 700 029f E0       		.byte	-32
 701 02a0 21       		.byte	33
 702 02a1 FF       		.byte	-1
 703 02a2 FF       		.byte	-1
 704 02a3 FF       		.byte	-1
 705 02a4 62       		.byte	98
 706 02a5 A0       		.byte	-96
 707 02a6 F0       		.byte	-16
 708 02a7 41       		.byte	65
 709 02a8 0C       		.byte	12
 710 02a9 00       		.byte	0
 711 02aa 00       		.byte	0
 712 02ab 00       		.byte	0
 713 02ac 00       		.byte	0
 714 02ad 00       		.byte	0
 715 02ae 02       		.byte	2
 716 02af 12       		.byte	18
 717 02b0 04       		.byte	4
 718 02b1 04       		.byte	4
 719 02b2 04       		.byte	4
 720 02b3 04       		.byte	4
 721 02b4 00       		.byte	0
 722 02b5 00       		.byte	0
 723 02b6 00       		.byte	0
 724 02b7 01       		.byte	1
 725 02b8 00       		.byte	0
 726 02b9 00       		.byte	0
 727 02ba 00       		.byte	0
 728 02bb 00       		.byte	0
 729 02bc 00       		.byte	0
 730 02bd 00       		.byte	0
 731 02be 40       		.byte	64
 732 02bf 02       		.byte	2
 733 02c0 00       		.byte	0
 734 02c1 10       		.byte	16
 735 02c2 30       		.byte	48
 736 02c3 10       		.byte	16
 737 02c4 00       		.byte	0
 738 02c5 10       		.byte	16
 739 02c6 10       		.byte	16
 740 02c7 12       		.byte	18
 741 02c8 00       		.byte	0
ARM GAS  C:\Users\JJ\AppData\Local\Temp\ccOxblb1.s 			page 14


 742 02c9 00       		.byte	0
 743 02ca 00       		.byte	0
 744 02cb 00       		.byte	0
 745 02cc 00       		.byte	0
 746 02cd 00       		.byte	0
 747 02ce 00       		.byte	0
 748 02cf 00       		.byte	0
 749 02d0 00       		.byte	0
 750 02d1 00       		.byte	0
 751 02d2 00       		.byte	0
 752 02d3 00       		.byte	0
 753 02d4 00       		.byte	0
 754 02d5 00       		.byte	0
 755 02d6 00       		.byte	0
 756 02d7 00       		.byte	0
 757 02d8 80       		.byte	-128
 758 02d9 00       		.byte	0
 759 02da 40       		.byte	64
 760 02db 80       		.byte	-128
 761 02dc 80       		.byte	-128
 762 02dd 00       		.byte	0
 763 02de 80       		.byte	-128
 764 02df 00       		.byte	0
 765 02e0 00       		.byte	0
 766 02e1 00       		.byte	0
 767 02e2 00       		.byte	0
 768 02e3 00       		.byte	0
 769 02e4 00       		.byte	0
 770 02e5 0B       		.byte	11
 771 02e6 0B       		.byte	11
 772 02e7 00       		.byte	0
 773 02e8 00       		.byte	0
 774 02e9 00       		.byte	0
 775 02ea 00       		.byte	0
 776 02eb 00       		.byte	0
 777 02ec F9       		.byte	-7
 778 02ed 00       		.byte	0
 779 02ee 00       		.byte	0
 780 02ef FF       		.byte	-1
 781 02f0 FF       		.byte	-1
 782 02f1 00       		.byte	0
 783 02f2 00       		.byte	0
 784 02f3 00       		.byte	0
 785 02f4 00       		.byte	0
 786 02f5 00       		.byte	0
 787 02f6 00       		.byte	0
 788 02f7 00       		.byte	0
 789              		.section	.cywolatch,"a",%progbits
 790              		.align	2
 791              		.type	cy_meta_wonvl, %object
 792              		.size	cy_meta_wonvl, 4
 793              	cy_meta_wonvl:
 794 0000 BC       		.byte	-68
 795 0001 90       		.byte	-112
 796 0002 AC       		.byte	-84
 797 0003 AF       		.byte	-81
 798              		.section	.cycustnvl,"a",%progbits
ARM GAS  C:\Users\JJ\AppData\Local\Temp\ccOxblb1.s 			page 15


 799              		.align	2
 800              		.type	cy_meta_custnvl, %object
 801              		.size	cy_meta_custnvl, 4
 802              	cy_meta_custnvl:
 803 0000 00       		.byte	0
 804 0001 00       		.byte	0
 805 0002 40       		.byte	64
 806 0003 05       		.byte	5
 807              		.section	.cymeta,"a",%progbits
 808              		.align	2
 809              		.type	cy_metadata, %object
 810              		.size	cy_metadata, 12
 811              	cy_metadata:
 812 0000 00       		.byte	0
 813 0001 01       		.byte	1
 814 0002 2E       		.byte	46
 815 0003 16       		.byte	22
 816 0004 10       		.byte	16
 817 0005 69       		.byte	105
 818 0006 00       		.byte	0
 819 0007 01       		.byte	1
 820 0008 00       		.byte	0
 821 0009 00       		.byte	0
 822 000a 00       		.byte	0
 823 000b 00       		.byte	0
 824              		.section	.cyflashprotect,"a",%progbits
 825              		.align	2
 826              		.type	cy_meta_flashprotect, %object
 827              		.size	cy_meta_flashprotect, 256
 828              	cy_meta_flashprotect:
 829 0000 00000000 		.space	256
 829      00000000 
 829      00000000 
 829      00000000 
 829      00000000 
 830              		.text
 831              	.Letext0:
 832              		.file 1 "c:\\program files (x86)\\cypress\\psoc creator\\4.4\\psoc creator\\import\\gnu\\arm\\5.4.
 833              		.file 2 "c:\\program files (x86)\\cypress\\psoc creator\\4.4\\psoc creator\\import\\gnu\\arm\\5.4.
 834              		.file 3 "Generated_Source\\PSoC5\\cymetadata.c"
 835              		.section	.debug_info,"",%progbits
 836              	.Ldebug_info0:
 837 0000 31010000 		.4byte	0x131
 838 0004 0400     		.2byte	0x4
 839 0006 00000000 		.4byte	.Ldebug_abbrev0
 840 000a 04       		.byte	0x4
 841 000b 01       		.uleb128 0x1
 842 000c 24000000 		.4byte	.LASF17
 843 0010 0C       		.byte	0xc
 844 0011 B9010000 		.4byte	.LASF18
 845 0015 D7000000 		.4byte	.LASF19
 846 0019 00000000 		.4byte	.Ldebug_line0
 847 001d 02       		.uleb128 0x2
 848 001e 01       		.byte	0x1
 849 001f 06       		.byte	0x6
 850 0020 AD010000 		.4byte	.LASF0
 851 0024 03       		.uleb128 0x3
ARM GAS  C:\Users\JJ\AppData\Local\Temp\ccOxblb1.s 			page 16


 852 0025 00000000 		.4byte	.LASF9
 853 0029 01       		.byte	0x1
 854 002a 1D       		.byte	0x1d
 855 002b 2F000000 		.4byte	0x2f
 856 002f 02       		.uleb128 0x2
 857 0030 01       		.byte	0x1
 858 0031 08       		.byte	0x8
 859 0032 16000000 		.4byte	.LASF1
 860 0036 02       		.uleb128 0x2
 861 0037 02       		.byte	0x2
 862 0038 05       		.byte	0x5
 863 0039 9A010000 		.4byte	.LASF2
 864 003d 02       		.uleb128 0x2
 865 003e 02       		.byte	0x2
 866 003f 07       		.byte	0x7
 867 0040 C4000000 		.4byte	.LASF3
 868 0044 02       		.uleb128 0x2
 869 0045 04       		.byte	0x4
 870 0046 05       		.byte	0x5
 871 0047 A4010000 		.4byte	.LASF4
 872 004b 02       		.uleb128 0x2
 873 004c 04       		.byte	0x4
 874 004d 07       		.byte	0x7
 875 004e B2000000 		.4byte	.LASF5
 876 0052 02       		.uleb128 0x2
 877 0053 08       		.byte	0x8
 878 0054 05       		.byte	0x5
 879 0055 8C010000 		.4byte	.LASF6
 880 0059 02       		.uleb128 0x2
 881 005a 08       		.byte	0x8
 882 005b 07       		.byte	0x7
 883 005c 41010000 		.4byte	.LASF7
 884 0060 04       		.uleb128 0x4
 885 0061 04       		.byte	0x4
 886 0062 05       		.byte	0x5
 887 0063 696E7400 		.ascii	"int\000"
 888 0067 02       		.uleb128 0x2
 889 0068 04       		.byte	0x4
 890 0069 07       		.byte	0x7
 891 006a 34010000 		.4byte	.LASF8
 892 006e 03       		.uleb128 0x3
 893 006f 58010000 		.4byte	.LASF10
 894 0073 02       		.byte	0x2
 895 0074 18       		.byte	0x18
 896 0075 24000000 		.4byte	0x24
 897 0079 05       		.uleb128 0x5
 898 007a 91000000 		.4byte	0x91
 899 007e 8A000000 		.4byte	0x8a
 900 0082 06       		.uleb128 0x6
 901 0083 8A000000 		.4byte	0x8a
 902 0087 F702     		.2byte	0x2f7
 903 0089 00       		.byte	0
 904 008a 02       		.uleb128 0x2
 905 008b 04       		.byte	0x4
 906 008c 07       		.byte	0x7
 907 008d 83010000 		.4byte	.LASF11
 908 0091 07       		.uleb128 0x7
ARM GAS  C:\Users\JJ\AppData\Local\Temp\ccOxblb1.s 			page 17


 909 0092 6E000000 		.4byte	0x6e
 910 0096 08       		.uleb128 0x8
 911 0097 22010000 		.4byte	.LASF12
 912 009b 03       		.byte	0x3
 913 009c 1F       		.byte	0x1f
 914 009d A7000000 		.4byte	0xa7
 915 00a1 05       		.uleb128 0x5
 916 00a2 03       		.byte	0x3
 917 00a3 00000000 		.4byte	cy_meta_configecc
 918 00a7 07       		.uleb128 0x7
 919 00a8 79000000 		.4byte	0x79
 920 00ac 05       		.uleb128 0x5
 921 00ad 91000000 		.4byte	0x91
 922 00b1 BC000000 		.4byte	0xbc
 923 00b5 09       		.uleb128 0x9
 924 00b6 8A000000 		.4byte	0x8a
 925 00ba 03       		.byte	0x3
 926 00bb 00       		.byte	0
 927 00bc 08       		.uleb128 0x8
 928 00bd 12010000 		.4byte	.LASF13
 929 00c1 03       		.byte	0x3
 930 00c2 8B       		.byte	0x8b
 931 00c3 CD000000 		.4byte	0xcd
 932 00c7 05       		.uleb128 0x5
 933 00c8 03       		.byte	0x3
 934 00c9 00000000 		.4byte	cy_meta_custnvl
 935 00cd 07       		.uleb128 0x7
 936 00ce AC000000 		.4byte	0xac
 937 00d2 08       		.uleb128 0x8
 938 00d3 75010000 		.4byte	.LASF14
 939 00d7 03       		.byte	0x3
 940 00d8 99       		.byte	0x99
 941 00d9 E3000000 		.4byte	0xe3
 942 00dd 05       		.uleb128 0x5
 943 00de 03       		.byte	0x3
 944 00df 00000000 		.4byte	cy_meta_wonvl
 945 00e3 07       		.uleb128 0x7
 946 00e4 AC000000 		.4byte	0xac
 947 00e8 05       		.uleb128 0x5
 948 00e9 91000000 		.4byte	0x91
 949 00ed F8000000 		.4byte	0xf8
 950 00f1 09       		.uleb128 0x9
 951 00f2 8A000000 		.4byte	0x8a
 952 00f6 FF       		.byte	0xff
 953 00f7 00       		.byte	0
 954 00f8 08       		.uleb128 0x8
 955 00f9 60010000 		.4byte	.LASF15
 956 00fd 03       		.byte	0x3
 957 00fe A7       		.byte	0xa7
 958 00ff 09010000 		.4byte	0x109
 959 0103 05       		.uleb128 0x5
 960 0104 03       		.byte	0x3
 961 0105 00000000 		.4byte	cy_meta_flashprotect
 962 0109 07       		.uleb128 0x7
 963 010a E8000000 		.4byte	0xe8
 964 010e 05       		.uleb128 0x5
 965 010f 91000000 		.4byte	0x91
ARM GAS  C:\Users\JJ\AppData\Local\Temp\ccOxblb1.s 			page 18


 966 0113 1E010000 		.4byte	0x11e
 967 0117 09       		.uleb128 0x9
 968 0118 8A000000 		.4byte	0x8a
 969 011c 0B       		.byte	0xb
 970 011d 00       		.byte	0
 971 011e 08       		.uleb128 0x8
 972 011f 0A000000 		.4byte	.LASF16
 973 0123 03       		.byte	0x3
 974 0124 D4       		.byte	0xd4
 975 0125 2F010000 		.4byte	0x12f
 976 0129 05       		.uleb128 0x5
 977 012a 03       		.byte	0x3
 978 012b 00000000 		.4byte	cy_metadata
 979 012f 07       		.uleb128 0x7
 980 0130 0E010000 		.4byte	0x10e
 981 0134 00       		.byte	0
 982              		.section	.debug_abbrev,"",%progbits
 983              	.Ldebug_abbrev0:
 984 0000 01       		.uleb128 0x1
 985 0001 11       		.uleb128 0x11
 986 0002 01       		.byte	0x1
 987 0003 25       		.uleb128 0x25
 988 0004 0E       		.uleb128 0xe
 989 0005 13       		.uleb128 0x13
 990 0006 0B       		.uleb128 0xb
 991 0007 03       		.uleb128 0x3
 992 0008 0E       		.uleb128 0xe
 993 0009 1B       		.uleb128 0x1b
 994 000a 0E       		.uleb128 0xe
 995 000b 10       		.uleb128 0x10
 996 000c 17       		.uleb128 0x17
 997 000d 00       		.byte	0
 998 000e 00       		.byte	0
 999 000f 02       		.uleb128 0x2
 1000 0010 24       		.uleb128 0x24
 1001 0011 00       		.byte	0
 1002 0012 0B       		.uleb128 0xb
 1003 0013 0B       		.uleb128 0xb
 1004 0014 3E       		.uleb128 0x3e
 1005 0015 0B       		.uleb128 0xb
 1006 0016 03       		.uleb128 0x3
 1007 0017 0E       		.uleb128 0xe
 1008 0018 00       		.byte	0
 1009 0019 00       		.byte	0
 1010 001a 03       		.uleb128 0x3
 1011 001b 16       		.uleb128 0x16
 1012 001c 00       		.byte	0
 1013 001d 03       		.uleb128 0x3
 1014 001e 0E       		.uleb128 0xe
 1015 001f 3A       		.uleb128 0x3a
 1016 0020 0B       		.uleb128 0xb
 1017 0021 3B       		.uleb128 0x3b
 1018 0022 0B       		.uleb128 0xb
 1019 0023 49       		.uleb128 0x49
 1020 0024 13       		.uleb128 0x13
 1021 0025 00       		.byte	0
 1022 0026 00       		.byte	0
ARM GAS  C:\Users\JJ\AppData\Local\Temp\ccOxblb1.s 			page 19


 1023 0027 04       		.uleb128 0x4
 1024 0028 24       		.uleb128 0x24
 1025 0029 00       		.byte	0
 1026 002a 0B       		.uleb128 0xb
 1027 002b 0B       		.uleb128 0xb
 1028 002c 3E       		.uleb128 0x3e
 1029 002d 0B       		.uleb128 0xb
 1030 002e 03       		.uleb128 0x3
 1031 002f 08       		.uleb128 0x8
 1032 0030 00       		.byte	0
 1033 0031 00       		.byte	0
 1034 0032 05       		.uleb128 0x5
 1035 0033 01       		.uleb128 0x1
 1036 0034 01       		.byte	0x1
 1037 0035 49       		.uleb128 0x49
 1038 0036 13       		.uleb128 0x13
 1039 0037 01       		.uleb128 0x1
 1040 0038 13       		.uleb128 0x13
 1041 0039 00       		.byte	0
 1042 003a 00       		.byte	0
 1043 003b 06       		.uleb128 0x6
 1044 003c 21       		.uleb128 0x21
 1045 003d 00       		.byte	0
 1046 003e 49       		.uleb128 0x49
 1047 003f 13       		.uleb128 0x13
 1048 0040 2F       		.uleb128 0x2f
 1049 0041 05       		.uleb128 0x5
 1050 0042 00       		.byte	0
 1051 0043 00       		.byte	0
 1052 0044 07       		.uleb128 0x7
 1053 0045 26       		.uleb128 0x26
 1054 0046 00       		.byte	0
 1055 0047 49       		.uleb128 0x49
 1056 0048 13       		.uleb128 0x13
 1057 0049 00       		.byte	0
 1058 004a 00       		.byte	0
 1059 004b 08       		.uleb128 0x8
 1060 004c 34       		.uleb128 0x34
 1061 004d 00       		.byte	0
 1062 004e 03       		.uleb128 0x3
 1063 004f 0E       		.uleb128 0xe
 1064 0050 3A       		.uleb128 0x3a
 1065 0051 0B       		.uleb128 0xb
 1066 0052 3B       		.uleb128 0x3b
 1067 0053 0B       		.uleb128 0xb
 1068 0054 49       		.uleb128 0x49
 1069 0055 13       		.uleb128 0x13
 1070 0056 3F       		.uleb128 0x3f
 1071 0057 19       		.uleb128 0x19
 1072 0058 02       		.uleb128 0x2
 1073 0059 18       		.uleb128 0x18
 1074 005a 00       		.byte	0
 1075 005b 00       		.byte	0
 1076 005c 09       		.uleb128 0x9
 1077 005d 21       		.uleb128 0x21
 1078 005e 00       		.byte	0
 1079 005f 49       		.uleb128 0x49
ARM GAS  C:\Users\JJ\AppData\Local\Temp\ccOxblb1.s 			page 20


 1080 0060 13       		.uleb128 0x13
 1081 0061 2F       		.uleb128 0x2f
 1082 0062 0B       		.uleb128 0xb
 1083 0063 00       		.byte	0
 1084 0064 00       		.byte	0
 1085 0065 00       		.byte	0
 1086              		.section	.debug_aranges,"",%progbits
 1087 0000 14000000 		.4byte	0x14
 1088 0004 0200     		.2byte	0x2
 1089 0006 00000000 		.4byte	.Ldebug_info0
 1090 000a 04       		.byte	0x4
 1091 000b 00       		.byte	0
 1092 000c 0000     		.2byte	0
 1093 000e 0000     		.2byte	0
 1094 0010 00000000 		.4byte	0
 1095 0014 00000000 		.4byte	0
 1096              		.section	.debug_line,"",%progbits
 1097              	.Ldebug_line0:
 1098 0000 3D010000 		.section	.debug_str,"MS",%progbits,1
 1098      02003701 
 1098      00000201 
 1098      FB0E0D00 
 1098      01010101 
 1099              	.LASF9:
 1100 0000 5F5F7569 		.ascii	"__uint8_t\000"
 1100      6E74385F 
 1100      7400
 1101              	.LASF16:
 1102 000a 63795F6D 		.ascii	"cy_metadata\000"
 1102      65746164 
 1102      61746100 
 1103              	.LASF1:
 1104 0016 756E7369 		.ascii	"unsigned char\000"
 1104      676E6564 
 1104      20636861 
 1104      7200
 1105              	.LASF17:
 1106 0024 474E5520 		.ascii	"GNU C11 5.4.1 20160609 (release) [ARM/embedded-5-br"
 1106      43313120 
 1106      352E342E 
 1106      31203230 
 1106      31363036 
 1107 0057 616E6368 		.ascii	"anch revision 237715] -mcpu=cortex-m3 -mthumb -g -O"
 1107      20726576 
 1107      6973696F 
 1107      6E203233 
 1107      37373135 
 1108 008a 67202D66 		.ascii	"g -ffunction-sections -ffat-lto-objects\000"
 1108      66756E63 
 1108      74696F6E 
 1108      2D736563 
 1108      74696F6E 
 1109              	.LASF5:
 1110 00b2 6C6F6E67 		.ascii	"long unsigned int\000"
 1110      20756E73 
 1110      69676E65 
 1110      6420696E 
ARM GAS  C:\Users\JJ\AppData\Local\Temp\ccOxblb1.s 			page 21


 1110      7400
 1111              	.LASF3:
 1112 00c4 73686F72 		.ascii	"short unsigned int\000"
 1112      7420756E 
 1112      7369676E 
 1112      65642069 
 1112      6E7400
 1113              	.LASF19:
 1114 00d7 433A5C55 		.ascii	"C:\\Users\\JJ\\Documents\\PSoC Creator\\Workspace02"
 1114      73657273 
 1114      5C4A4A5C 
 1114      446F6375 
 1114      6D656E74 
 1115 0105 5C4D6F74 		.ascii	"\\Motor.cydsn\000"
 1115      6F722E63 
 1115      7964736E 
 1115      00
 1116              	.LASF13:
 1117 0112 63795F6D 		.ascii	"cy_meta_custnvl\000"
 1117      6574615F 
 1117      63757374 
 1117      6E766C00 
 1118              	.LASF12:
 1119 0122 63795F6D 		.ascii	"cy_meta_configecc\000"
 1119      6574615F 
 1119      636F6E66 
 1119      69676563 
 1119      6300
 1120              	.LASF8:
 1121 0134 756E7369 		.ascii	"unsigned int\000"
 1121      676E6564 
 1121      20696E74 
 1121      00
 1122              	.LASF7:
 1123 0141 6C6F6E67 		.ascii	"long long unsigned int\000"
 1123      206C6F6E 
 1123      6720756E 
 1123      7369676E 
 1123      65642069 
 1124              	.LASF10:
 1125 0158 75696E74 		.ascii	"uint8_t\000"
 1125      385F7400 
 1126              	.LASF15:
 1127 0160 63795F6D 		.ascii	"cy_meta_flashprotect\000"
 1127      6574615F 
 1127      666C6173 
 1127      6870726F 
 1127      74656374 
 1128              	.LASF14:
 1129 0175 63795F6D 		.ascii	"cy_meta_wonvl\000"
 1129      6574615F 
 1129      776F6E76 
 1129      6C00
 1130              	.LASF11:
 1131 0183 73697A65 		.ascii	"sizetype\000"
 1131      74797065 
 1131      00
ARM GAS  C:\Users\JJ\AppData\Local\Temp\ccOxblb1.s 			page 22


 1132              	.LASF6:
 1133 018c 6C6F6E67 		.ascii	"long long int\000"
 1133      206C6F6E 
 1133      6720696E 
 1133      7400
 1134              	.LASF2:
 1135 019a 73686F72 		.ascii	"short int\000"
 1135      7420696E 
 1135      7400
 1136              	.LASF4:
 1137 01a4 6C6F6E67 		.ascii	"long int\000"
 1137      20696E74 
 1137      00
 1138              	.LASF0:
 1139 01ad 7369676E 		.ascii	"signed char\000"
 1139      65642063 
 1139      68617200 
 1140              	.LASF18:
 1141 01b9 47656E65 		.ascii	"Generated_Source\\PSoC5\\cymetadata.c\000"
 1141      72617465 
 1141      645F536F 
 1141      75726365 
 1141      5C50536F 
 1142              		.ident	"GCC: (GNU Tools for ARM Embedded Processors) 5.4.1 20160609 (release) [ARM/embedded-5-bran
